<?xml version="1.0" encoding="UTF-8"?>
<!-- Generated by org.testng.reporters.JUnitReportReporter -->
<testsuite hostname="Apoorv-MacBook-Pro.local" failures="0" tests="1" name="test.UcmZapTest" time="10.958" errors="0" timestamp="2024-07-14T19:36:01 IST" skipped="0">
  <testcase classname="test.UcmZapTest" name="ucmLogin" time="10.958"/>
</testsuite> <!-- test.UcmZapTest -->
