<?xml version="1.0" encoding="UTF-8"?>
<!-- Generated by org.testng.reporters.JUnitReportReporter -->
<testsuite hostname="Apoorv-MacBook-Pro.local" failures="0" tests="1" name="test.SearchUser" time="2.883" errors="0" timestamp="2024-07-14T19:36:01 IST" skipped="0">
  <testcase classname="test.SearchUser" name="ucmSearchUser" time="2.883"/>
</testsuite> <!-- test.SearchUser -->
