<?xml version="1.0" encoding="UTF-8"?>
<!-- Generated by org.testng.reporters.JUnitReportReporter -->
<testsuite hostname="Apoorv-MacBook-Pro.local" failures="0" tests="2" name="test.TestNG" time="0.025" errors="0" timestamp="2024-06-15T14:54:57 IST" skipped="0">
  <testcase classname="test.TestNG" name="t2" time="0.010"/>
  <testcase classname="test.TestNG" name="t1" time="0.015"/>
</testsuite> <!-- test.TestNG -->
