<?xml version="1.0" encoding="UTF-8"?>
<!-- Generated by org.testng.reporters.JUnitReportReporter -->
<testsuite hostname="Apoorv-MacBook-Pro.local" failures="0" tests="1" name="test.UcmLoginTestCase" time="11.249" errors="0" timestamp="2024-07-27T19:10:59 IST" skipped="0">
  <testcase classname="test.UcmLoginTestCase" name="ucmLogin" time="11.249"/>
</testsuite> <!-- test.UcmLoginTestCase -->
