<?xml version="1.0" encoding="UTF-8"?>
<!-- Generated by org.testng.reporters.JUnitReportReporter -->
<testsuite hostname="Rehan" failures="0" tests="1" name="com.BlazeDemo.testcases.TC_BlazeDemoTets" time="13.707" errors="0" timestamp="2024-02-12T18:38:31 IST" skipped="0">
  <testcase classname="com.BlazeDemo.testcases.TC_BlazeDemoTets" name="ticketBooking" time="13.707"/>
</testsuite> <!-- com.BlazeDemo.testcases.TC_BlazeDemoTets -->
