<?xml version="1.0" encoding="UTF-8"?>
<!-- Generated by org.testng.reporters.JUnitReportReporter -->
<testsuite hostname="Rehan" failures="0" tests="1" name="com.BlazeDemo.testcases.TC_vacationPage" time="9.869" errors="0" timestamp="2024-02-12T18:42:17 IST" skipped="0">
  <testcase classname="com.BlazeDemo.testcases.TC_vacationPage" name="testVacationPage" time="9.869"/>
</testsuite> <!-- com.BlazeDemo.testcases.TC_vacationPage -->
