<?xml version="1.0" encoding="UTF-8"?>
<!-- Generated by org.testng.reporters.JUnitReportReporter -->
<testsuite hostname="Rehan" failures="0" tests="1" name="com.BlazeDemo.testcases.TC_bookingTicket" time="29.232" errors="0" timestamp="2024-02-12T19:15:12 IST" skipped="0">
  <testcase classname="com.BlazeDemo.testcases.TC_bookingTicket" name="ticketBooking" time="29.232"/>
</testsuite> <!-- com.BlazeDemo.testcases.TC_bookingTicket -->
