<?xml version="1.0" encoding="UTF-8"?>
<!-- Generated by org.testng.reporters.JUnitReportReporter -->
<testsuite hostname="Apoorv-MacBook-Pro.local" failures="0" tests="1" name="tests.BaseClass" time="0.006" errors="0" timestamp="31 Jul 2024 18:18:14 GMT" skipped="0">
  <testcase classname="tests.BaseClass" name="sampleTest" time="0.006"/>
</testsuite> <!-- tests.BaseClass -->
