<?xml version="1.0" encoding="UTF-8"?>
<!-- Generated by org.testng.reporters.JUnitReportReporter -->
<testsuite hostname="Apoorv-MacBook-Pro.local" failures="0" tests="1" name="tests.InitializationTest" time="3.705" errors="0" timestamp="06 Aug 2024 05:23:30 GMT" skipped="0">
  <testcase classname="tests.InitializationTest" name="sampleTest" time="3.705"/>
</testsuite> <!-- tests.InitializationTest -->
