<?xml version="1.0" encoding="UTF-8"?>
<!-- Generated by org.testng.reporters.JUnitReportReporter -->
<testsuite hostname="Apoorv-MacBook-Pro.local" failures="0" tests="1" name="tests.Login" time="0.026" errors="0" timestamp="01 Aug 2024 18:02:58 GMT" skipped="0">
  <testcase classname="tests.Login" name="sampleTest" time="0.026"/>
</testsuite> <!-- tests.Login -->
