<?xml version="1.0" encoding="UTF-8"?>
<!-- Generated by org.testng.reporters.JUnitReportReporter -->
<testsuite hostname="Apoorv-MacBook-Pro.local" failures="0" tests="1" name="test.XprizoLoginTest" time="8.119" errors="0" timestamp="2024-04-18T00:41:42 IST" skipped="0">
  <testcase classname="test.XprizoLoginTest" name="XprizoLogin" time="8.119"/>
</testsuite> <!-- test.XprizoLoginTest -->
