<?xml version="1.0" encoding="UTF-8"?>
<!-- Generated by org.testng.reporters.JUnitReportReporter -->
<testsuite hostname="Apoorv-MacBook-Pro.local" failures="0" tests="1" name="test.TestNG_Test" time="4.436" errors="0" timestamp="2024-05-01T00:25:23 IST" skipped="0">
  <testcase classname="test.TestNG_Test" name="login" time="4.436"/>
</testsuite> <!-- test.TestNG_Test -->
