<?xml version="1.0" encoding="UTF-8"?>
<!-- Generated by org.testng.reporters.JUnitReportReporter -->
<testsuite hostname="Apoorv-MacBook-Pro.local" failures="0" tests="1" name="utils.ExcelDataProvider" time="3.367" errors="0" timestamp="2024-07-07T19:02:21 IST" skipped="0">
  <testcase classname="utils.ExcelDataProvider" name="getExcel" time="3.367"/>
</testsuite> <!-- utils.ExcelDataProvider -->
