<?xml version="1.0" encoding="UTF-8"?>
<!-- Generated by org.testng.reporters.JUnitReportReporter -->
<testsuite hostname="Apoorv-MacBook-Pro.local" failures="0" tests="1" name="test.DataProvider" time="9.159" errors="0" timestamp="2024-07-07T17:02:04 IST" skipped="0">
  <testcase classname="test.DataProvider" name="dataProviderTest" time="9.159"/>
</testsuite> <!-- test.DataProvider -->
