<?xml version="1.0" encoding="UTF-8"?>
<!-- Generated by org.testng.reporters.JUnitReportReporter -->
<testsuite hostname="Apoorv-MacBook-Pro.local" failures="0" tests="1" name="test.ExtentReportsTestNG" time="11.268" errors="0" timestamp="2024-04-21T15:08:54 IST" skipped="0">
  <testcase classname="test.ExtentReportsTestNG" name="test" time="11.268"/>
</testsuite> <!-- test.ExtentReportsTestNG -->
