<?xml version="1.0" encoding="UTF-8"?>
<!-- Generated by org.testng.reporters.JUnitReportReporter -->
<testsuite hostname="Apoorv-MacBook-Pro.local" failures="0" tests="1" name="listeners.TestNGListersDemo1" time="23.825" errors="0" timestamp="2024-05-20T00:36:28 IST" skipped="0">
  <testcase classname="listeners.TestNGListersDemo1" name="login" time="23.825"/>
</testsuite> <!-- listeners.TestNGListersDemo1 -->
