<?xml version="1.0" encoding="UTF-8"?>
<!-- Generated by org.testng.reporters.JUnitReportReporter -->
<testsuite hostname="Apoorv-MacBook-Pro.local" failures="0" tests="1" name="test.ZAPTest" time="38.427" errors="0" timestamp="2024-05-22T18:30:37 IST" skipped="0">
  <testcase classname="test.ZAPTest" name="XprizoUrl" time="38.427"/>
</testsuite> <!-- test.ZAPTest -->
