<?xml version="1.0" encoding="UTF-8"?>
<!-- Generated by org.testng.reporters.JUnitReportReporter -->
<testsuite hostname="Apoorv-MacBook-Pro.local" failures="0" tests="2" name="test.XprizoTest" time="8.832" errors="0" timestamp="2024-06-07T00:34:28 IST" skipped="0">
  <testcase classname="test.XprizoTest" name="XprizoLogin" time="5.271"/>
  <testcase classname="test.XprizoTest" name="sendPayment" time="3.561"/>
</testsuite> <!-- test.XprizoTest -->
