<?xml version="1.0" encoding="UTF-8"?>
<!-- Generated by org.testng.reporters.JUnitReportReporter -->
<testsuite hostname="Apoorv-MacBook-Pro.local" failures="0" tests="2" name="test.XprizoTest2" time="30.273" errors="0" timestamp="2024-05-23T17:12:29 IST" skipped="0">
  <testcase classname="test.XprizoTest2" name="sendPayment" time="8.166"/>
  <testcase classname="test.XprizoTest2" name="XprizoLogin" time="22.107"/>
</testsuite> <!-- test.XprizoTest2 -->
