<?xml version="1.0" encoding="UTF-8"?>
<!-- Generated by org.testng.reporters.JUnitReportReporter -->
<testsuite hostname="Apoorv-MacBook-Pro.local" failures="0" tests="1" name="test.XprizoLoginTest" time="28.001" errors="0" timestamp="2024-05-19T20:19:45 IST" skipped="0">
  <testcase classname="test.XprizoLoginTest" name="XprizoLogin" time="28.001"/>
</testsuite> <!-- test.XprizoLoginTest -->
